app/build/intermediates/manifest_merge_blame_file/debug/manifest-merger-blame-debug-report.txt
1<?xml version="1.0" encoding="utf-8"?>
2<manifest xmlns:android="http://schemas.android.com/apk/res/android"
3    package="com.cogniteq.ca.mvvm.android.sample"
4    android:versionCode="1"
5    android:versionName="1.0" >
6
7    <uses-sdk
8        android:minSdkVersion="23"
8-->src/main/AndroidManifest.xml
9        android:targetSdkVersion="31" />
9-->src/main/AndroidManifest.xml
10
11    <uses-permission android:name="android.permission.ACCESS_NETWORK_STATE" />
11-->[com.kaspersky.android-components:kaspresso:1.4.1] AndroidManifest.xml:9:5-79
11-->[com.kaspersky.android-components:kaspresso:1.4.1] AndroidManifest.xml:9:22-76
12    <uses-permission android:name="android.permission.ACCESS_WIFI_STATE" />
12-->[com.kaspersky.android-components:kaspresso:1.4.1] AndroidManifest.xml:10:5-76
12-->[com.kaspersky.android-components:kaspresso:1.4.1] AndroidManifest.xml:10:22-73
13    <uses-permission android:name="android.permission.CHANGE_WIFI_STATE" />
13-->[com.kaspersky.android-components:kaspresso:1.4.1] AndroidManifest.xml:11:5-76
13-->[com.kaspersky.android-components:kaspresso:1.4.1] AndroidManifest.xml:11:22-73
14
15    <queries>
15-->[androidx.test:runner:1.4.0] AndroidManifest.xml:24:5-28:15
16        <package android:name="androidx.test.orchestrator" />
16-->[androidx.test:runner:1.4.0] AndroidManifest.xml:25:9-62
16-->[androidx.test:runner:1.4.0] AndroidManifest.xml:25:18-59
17        <package android:name="androidx.test.services" />
17-->[androidx.test:runner:1.4.0] AndroidManifest.xml:26:9-58
17-->[androidx.test:runner:1.4.0] AndroidManifest.xml:26:18-55
18        <package android:name="com.google.android.apps.common.testing.services" />
18-->[androidx.test:runner:1.4.0] AndroidManifest.xml:27:9-83
18-->[androidx.test:runner:1.4.0] AndroidManifest.xml:27:18-80
19    </queries>
20
21    <uses-permission android:name="android.permission.REORDER_TASKS" />
21-->[androidx.test:core:1.4.0] AndroidManifest.xml:24:5-72
21-->[androidx.test:core:1.4.0] AndroidManifest.xml:24:22-69
22
23    <application
23-->src/main/AndroidManifest.xml:6:5-28:19
24        android:name="com.cogniteq.ca.mvvm.sample.App"
24-->src/main/AndroidManifest.xml:7:9-55
25        android:allowBackup="true"
25-->src/main/AndroidManifest.xml:8:9-35
26        android:appComponentFactory="androidx.core.app.CoreComponentFactory"
26-->[androidx.core:core:1.7.0] AndroidManifest.xml:24:18-86
27        android:debuggable="true"
28        android:extractNativeLibs="false"
29        android:icon="@mipmap/ic_launcher"
29-->src/main/AndroidManifest.xml:9:9-43
30        android:label="@string/app_name"
30-->src/main/AndroidManifest.xml:10:9-41
31        android:roundIcon="@mipmap/ic_launcher_round"
31-->src/main/AndroidManifest.xml:11:9-54
32        android:supportsRtl="true"
32-->src/main/AndroidManifest.xml:12:9-35
33        android:testOnly="true"
34        android:theme="@style/AppTheme" >
34-->src/main/AndroidManifest.xml:13:9-40
35        <activity
35-->src/main/AndroidManifest.xml:16:9-25:20
36            android:name="com.cogniteq.ca.mvvm.sample.presentation.screen.auth.StartActivity"
36-->src/main/AndroidManifest.xml:17:13-94
37            android:exported="true"
37-->src/main/AndroidManifest.xml:19:13-36
38            android:theme="@style/Theme.AppCompat.Light.NoActionBar" >
38-->src/main/AndroidManifest.xml:18:13-69
39            <intent-filter>
39-->src/main/AndroidManifest.xml:20:13-24:29
40                <action android:name="android.intent.action.MAIN" />
40-->src/main/AndroidManifest.xml:21:17-69
40-->src/main/AndroidManifest.xml:21:25-66
41
42                <category android:name="android.intent.category.LAUNCHER" />
42-->src/main/AndroidManifest.xml:23:17-77
42-->src/main/AndroidManifest.xml:23:27-74
43            </intent-filter>
44        </activity>
45
46        <service
46-->[androidx.room:room-runtime:2.4.0] AndroidManifest.xml:25:9-28:40
47            android:name="androidx.room.MultiInstanceInvalidationService"
47-->[androidx.room:room-runtime:2.4.0] AndroidManifest.xml:26:13-74
48            android:directBootAware="true"
48-->[androidx.room:room-runtime:2.4.0] AndroidManifest.xml:27:13-43
49            android:exported="false" />
49-->[androidx.room:room-runtime:2.4.0] AndroidManifest.xml:28:13-37
50
51        <provider
51-->[androidx.emoji2:emoji2:1.0.0] AndroidManifest.xml:26:9-34:20
52            android:name="androidx.startup.InitializationProvider"
52-->[androidx.emoji2:emoji2:1.0.0] AndroidManifest.xml:27:13-67
53            android:authorities="com.cogniteq.ca.mvvm.android.sample.androidx-startup"
53-->[androidx.emoji2:emoji2:1.0.0] AndroidManifest.xml:28:13-68
54            android:exported="false" >
54-->[androidx.emoji2:emoji2:1.0.0] AndroidManifest.xml:29:13-37
55            <meta-data
55-->[androidx.emoji2:emoji2:1.0.0] AndroidManifest.xml:31:13-33:52
56                android:name="androidx.emoji2.text.EmojiCompatInitializer"
56-->[androidx.emoji2:emoji2:1.0.0] AndroidManifest.xml:32:17-75
57                android:value="androidx.startup" />
57-->[androidx.emoji2:emoji2:1.0.0] AndroidManifest.xml:33:17-49
58            <meta-data
58-->[androidx.lifecycle:lifecycle-process:2.4.0] AndroidManifest.xml:31:13-33:52
59                android:name="androidx.lifecycle.ProcessLifecycleInitializer"
59-->[androidx.lifecycle:lifecycle-process:2.4.0] AndroidManifest.xml:32:17-78
60                android:value="androidx.startup" />
60-->[androidx.lifecycle:lifecycle-process:2.4.0] AndroidManifest.xml:33:17-49
61        </provider>
62
63        <activity
63-->[androidx.test:core:1.4.0] AndroidManifest.xml:27:9-34:20
64            android:name="androidx.test.core.app.InstrumentationActivityInvoker$BootstrapActivity"
64-->[androidx.test:core:1.4.0] AndroidManifest.xml:28:13-99
65            android:exported="true"
65-->[androidx.test:core:1.4.0] AndroidManifest.xml:29:13-36
66            android:theme="@android:style/Theme" >
66-->[androidx.test:core:1.4.0] AndroidManifest.xml:30:13-49
67            <intent-filter>
67-->[androidx.test:core:1.4.0] AndroidManifest.xml:31:13-33:29
68                <action android:name="android.intent.action.MAIN" />
68-->src/main/AndroidManifest.xml:21:17-69
68-->src/main/AndroidManifest.xml:21:25-66
69            </intent-filter>
70        </activity>
71        <activity
71-->[androidx.test:core:1.4.0] AndroidManifest.xml:35:9-42:20
72            android:name="androidx.test.core.app.InstrumentationActivityInvoker$EmptyActivity"
72-->[androidx.test:core:1.4.0] AndroidManifest.xml:36:13-95
73            android:exported="true"
73-->[androidx.test:core:1.4.0] AndroidManifest.xml:37:13-36
74            android:theme="@android:style/Theme" >
74-->[androidx.test:core:1.4.0] AndroidManifest.xml:38:13-49
75            <intent-filter>
75-->[androidx.test:core:1.4.0] AndroidManifest.xml:31:13-33:29
76                <action android:name="android.intent.action.MAIN" />
76-->src/main/AndroidManifest.xml:21:17-69
76-->src/main/AndroidManifest.xml:21:25-66
77            </intent-filter>
78        </activity>
79        <activity
79-->[androidx.test:core:1.4.0] AndroidManifest.xml:43:9-50:20
80            android:name="androidx.test.core.app.InstrumentationActivityInvoker$EmptyFloatingActivity"
80-->[androidx.test:core:1.4.0] AndroidManifest.xml:44:13-103
81            android:exported="true"
81-->[androidx.test:core:1.4.0] AndroidManifest.xml:45:13-36
82            android:theme="@android:style/Theme.Dialog" >
82-->[androidx.test:core:1.4.0] AndroidManifest.xml:46:13-56
83            <intent-filter>
83-->[androidx.test:core:1.4.0] AndroidManifest.xml:31:13-33:29
84                <action android:name="android.intent.action.MAIN" />
84-->src/main/AndroidManifest.xml:21:17-69
84-->src/main/AndroidManifest.xml:21:25-66
85            </intent-filter>
86        </activity>
87    </application>
88
89</manifest>